[debug] [2017-10-14T17:36:20.949Z] ----------------------------------------------------------------------
[debug] [2017-10-14T17:36:20.952Z] Command:       /Users/JC/.nvm/versions/node/v8.5.0/bin/node /Users/JC/.nvm/versions/node/v8.5.0/bin/firebase deploy
[debug] [2017-10-14T17:36:20.952Z] CLI Version:   3.12.0
[debug] [2017-10-14T17:36:20.952Z] Platform:      darwin
[debug] [2017-10-14T17:36:20.952Z] Node Version:  v8.5.0
[debug] [2017-10-14T17:36:20.952Z] Time:          Sat Oct 14 2017 10:36:20 GMT-0700 (PDT)
[debug] [2017-10-14T17:36:20.953Z] ----------------------------------------------------------------------
[debug] 
[debug] [2017-10-14T17:36:20.969Z] > command requires scopes: ["email","openid","https://www.googleapis.com/auth/cloudplatformprojects.readonly","https://www.googleapis.com/auth/firebase","https://www.googleapis.com/auth/cloud-platform"]
[debug] [2017-10-14T17:36:20.970Z] > authorizing via signed-in user
[debug] [2017-10-14T17:36:20.972Z] > refreshing access token with scopes: ["email","https://www.googleapis.com/auth/cloud-platform","https://www.googleapis.com/auth/cloudplatformprojects.readonly","https://www.googleapis.com/auth/firebase","openid"]
[debug] [2017-10-14T17:36:20.972Z] >>> HTTP REQUEST POST https://www.googleapis.com/oauth2/v3/token { refresh_token: '1/hKYrvWCT6YfUVGFVZbxwmJ3twhvaFTW-MZ4wOdjMTH4',
  client_id: '563584335869-fgrhgmd47bqnekij5i8b5pr03ho849e6.apps.googleusercontent.com',
  client_secret: 'j9iVZfS8kkCEFUPaAeJV0sAi',
  grant_type: 'refresh_token',
  scope: 'email https://www.googleapis.com/auth/cloud-platform https://www.googleapis.com/auth/cloudplatformprojects.readonly https://www.googleapis.com/auth/firebase openid' } 
 Sat Oct 14 2017 10:36:20 GMT-0700 (PDT)
[debug] [2017-10-14T17:36:22.850Z] <<< HTTP RESPONSE 200
[debug] [2017-10-14T17:36:22.858Z] >>> HTTP REQUEST GET https://admin.firebase.com/v1/projects/jcarlson-io  
 Sat Oct 14 2017 10:36:22 GMT-0700 (PDT)
[debug] [2017-10-14T17:36:24.474Z] <<< HTTP RESPONSE 200
[debug] [2017-10-14T17:36:24.476Z] >>> HTTP REQUEST GET https://admin.firebase.com/v1/database/jcarlson-io/tokens  
 Sat Oct 14 2017 10:36:24 GMT-0700 (PDT)
[debug] [2017-10-14T17:37:07.427Z] ----------------------------------------------------------------------
[debug] [2017-10-14T17:37:07.429Z] Command:       /Users/JC/.nvm/versions/node/v8.5.0/bin/node /Users/JC/.nvm/versions/node/v8.5.0/bin/firebase deploy
[debug] [2017-10-14T17:37:07.429Z] CLI Version:   3.13.1
[debug] [2017-10-14T17:37:07.429Z] Platform:      darwin
[debug] [2017-10-14T17:37:07.429Z] Node Version:  v8.5.0
[debug] [2017-10-14T17:37:07.430Z] Time:          Sat Oct 14 2017 10:37:07 GMT-0700 (PDT)
[debug] [2017-10-14T17:37:07.430Z] ----------------------------------------------------------------------
[debug] 
[debug] [2017-10-14T17:37:07.441Z] > command requires scopes: ["email","openid","https://www.googleapis.com/auth/cloudplatformprojects.readonly","https://www.googleapis.com/auth/firebase","https://www.googleapis.com/auth/cloud-platform"]
[debug] [2017-10-14T17:37:07.441Z] > authorizing via signed-in user
[debug] [2017-10-14T17:37:07.443Z] >>> HTTP REQUEST GET https://admin.firebase.com/v1/projects/jcarlson-io  
 Sat Oct 14 2017 10:37:07 GMT-0700 (PDT)
[debug] [2017-10-14T17:37:07.915Z] <<< HTTP RESPONSE 200
[debug] [2017-10-14T17:37:07.916Z] >>> HTTP REQUEST GET https://admin.firebase.com/v1/database/jcarlson-io/tokens  
 Sat Oct 14 2017 10:37:07 GMT-0700 (PDT)
[debug] [2017-10-14T17:37:08.373Z] <<< HTTP RESPONSE 200
[info] 1
[info] 
[info] === Deploying to 'jcarlson-io'...
[info] 
[info] i  deploying hosting
[info] i  hosting: preparing jcarlson-io directory for upload...
[debug] [2017-10-14T17:37:15.167Z] >>> HTTP REQUEST PUT https://deploy.firebase.com/v1/hosting/jcarlson-io/uploads/-KwQxVQvFDxJnwsZx8km?fileCount=168&message=  
 Sat Oct 14 2017 10:37:15 GMT-0700 (PDT)
